Starting Dynare (version 4.5.4).
Starting preprocessing of the model file ...
Found 6 equation(s).
Evaluating expressions...done
Computing static model derivatives:
 - order 1
Computing dynamic model derivatives:
 - order 1
Processing outputs ...
done
Preprocessing completed.

STEADY-STATE RESULTS:

C 		 2.39739
K 		 34.1008
I 		 0.682017
N 		 0.925377
Y 		 3.07941
G 		 0

EIGENVALUES:
         Modulus             Real        Imaginary

               0               -0                0
          0.9602           0.9602                0
           1.052            1.052                0
             Inf              Inf                0


There are 2 eigenvalue(s) larger than 1 in modulus 
for 2 forward-looking variable(s)

The rank condition is verified.


MODEL SUMMARY

  Number of variables:         6
  Number of stochastic shocks: 1
  Number of state variables:   2
  Number of jumpers:           2
  Number of static variables:  2


MATRIX OF COVARIANCE OF EXOGENOUS SHOCKS
Variables     g_shock
g_shock      1.000000

POLICY AND TRANSITION FUNCTIONS
                                   C               I               Y               G               N
Constant                    2.397392        0.682017        3.079409               0        0.925377
K(-1)                       0.039524       -0.019757        0.019767               0       -0.004658
g_shock                    -0.038555       -0.936684        0.024761        1.000000        0.011161


THEORETICAL MOMENTS
VARIABLE         MEAN  STD. DEV.   VARIANCE
C              2.3974     0.1381     0.0191
I              0.6820     0.9390     0.8818
Y              3.0794     0.0708     0.0050
G              0.0000     1.0000     1.0000
N              0.9254     0.0192     0.0004



MATRIX OF CORRELATIONS
Variables         C       I       Y       G       N
C            1.0000  0.2107  0.8020 -0.2792 -0.9437
I            0.2107  1.0000 -0.4150 -0.9975 -0.5223
Y            0.8020 -0.4150  1.0000  0.3498 -0.5591
G           -0.2792 -0.9975  0.3498  1.0000  0.5812
N           -0.9437 -0.5223 -0.5591  0.5812  1.0000



COEFFICIENTS OF AUTOCORRELATION
Order         1       2       3       4       5
C        0.9602  0.9221  0.8854  0.8502  0.8164
I       -0.0149 -0.0143 -0.0137 -0.0132 -0.0126
Y        0.7513  0.7214  0.6928  0.6652  0.6388
G        0.0000  0.0000  0.0000  0.0000  0.0000
N        0.7679  0.7374  0.7081  0.6799  0.6529
Total computing time : 0h00m01s
