Starting Dynare (version 4.5.4).
Starting preprocessing of the model file ...
Found 6 equation(s).
Evaluating expressions...done
Computing static model derivatives:
 - order 1
Computing dynamic model derivatives:
 - order 1
Processing outputs ...
done
Preprocessing completed.
e 55</a>)
  In <a href="matlab:matlab.internal.language.introspective.errorDocCallback('steady', 'C:\dynare\4.5.4\matlab\steady.m', 81)" style="font-weight:bold">steady</a> (<a href="matlab: opentoline('C:\dynare\4.5.4\matlab\steady.m',81,0)">line 81</a>)
  In <a href="matlab:matlab.internal.language.introspective.errorDocCallback('tauk', 'C:\Users\Piotr\Dropbox\DynareScratch\Lecture1\tauk.m', 156)" style="font-weight:bold">tauk</a> (<a href="matlab: opentoline('C:\Users\Piotr\Dropbox\DynareScratch\Lecture1\tauk.m',156,0)">line 156</a>)
  In <a href="matlab:matlab.internal.language.introspective.errorDocCallback('dynare', 'C:\dynare\4.5.4\matlab\dynare.m', 223)" style="font-weight:bold">dynare</a> (<a href="matlab: opentoline('C:\dynare\4.5.4\matlab\dynare.m',223,0)">line 223</a>)
] 




Residuals of the static equations:

Equation number 1 : 0
Equation number 2 : -0.016561
Equation number 3 : -0.00016561
Equation number 4 : -3.7064e-05
Equation number 5 : 0
Equation number 6 : 0


{Error using <a href="matlab:matlab.internal.language.introspective.errorDocCallback('print_info', 'C:\dynare\4.5.4\matlab\print_info.m', 83)" style="font-weight:bold">print_info</a> (<a href="matlab: opentoline('C:\dynare\4.5.4\matlab\print_info.m',83,0)">line 83</a>)
Impossible to find the steady state. Either the model doesn't have a steady state, there are an
infinity of steady states, or the guess values are too far from the solution

Error in <a href="matlab:matlab.internal.language.introspective.errorDocCallback('steady', 'C:\dynare\4.5.4\matlab\steady.m', 104)" style="font-weight:bold">steady</a> (<a href="matlab: opentoline('C:\dynare\4.5.4\matlab\steady.m',104,0)">line 104</a>)
    print_info(info,options_.noprint, options_);

Error in <a href="matlab:matlab.internal.language.introspective.errorDocCallback('tauk', 'C:\Users\Piotr\Dropbox\DynareScratch\Lecture1\tauk.m', 156)" style="font-weight:bold">tauk</a> (<a href="matlab: opentoline('C:\Users\Piotr\Dropbox\DynareScratch\Lecture1\tauk.m',156,0)">line 156</a>)
steady;

Error in <a href="matlab:matlab.internal.language.introspective.errorDocCallback('dynare', 'C:\dynare\4.5.4\matlab\dynare.m', 223)" style="font-weight:bold">dynare</a> (<a href="matlab: opentoline('C:\dynare\4.5.4\matlab\dynare.m',223,0)">line 223</a>)
evalin('base',fname) ;
} 
dynare tauk

Configuring Dynare ...
[mex] Generalized QZ.
[mex] Sylvester equation solution.
[mex] Kronecker products.
[mex] Sparse kronecker products.
[mex] Local state space iteration (second order).
[mex] Bytecode evaluation.
[mex] k-order perturbation solver.
[mex] k-order solution simulation.
[mex] Quasi Monte-Carlo sequence (Sobol).
[mex] Markov Switching SBVAR.

Using 64-bit preprocessor
Starting Dynare (version 4.5.4).
Starting preprocessing of the model file ...
Found 6 equation(s).
Evaluating expressions...done
Computing static model derivatives:
 - order 1
Computing dynamic model derivatives:
 - order 1
Processing outputs ...
done
Preprocessing completed.


STEADY-STATE RESULTS:

C     		 1.00009
K     		 250.506
I     		 2.50506
N     		 0.000165366
Y     		 3.50514
tau_k 		 -0.123265

EIGENVALUES:
         Modulus             Real        Imaginary

          0.9942           0.9942                0
               1                1                0
           1.002            1.002                0
       1.132e+16        1.132e+16                0
       7.585e+22       -7.585e+22                0


There are 3 eigenvalue(s) larger than 1 in modulus 
for 3 forward-looking variable(s)

The rank condition is verified.


MODEL SUMMARY

  Number of variables:         6
  Number of stochastic shocks: 1
  Number of state variables:   2
  Number of jumpers:           3
  Number of static variables:  2


MATRIX OF COVARIANCE OF EXOGENOUS SHOCKS
Variables      tau_k_shock
tau_k_shock       0.000100

POLICY AND TRANSITION FUNCTIONS
                                   C               K               I               N               Y           tau_k
Constant                    1.000087      250.505701        2.505057        0.000165        3.505144       -0.123265
K(-1)                              0        0.994242        0.004242               0        0.004242               0
tau_k(-1)                   0.000043       -4.500477       -4.500477       -0.000708       -4.500434        1.000000
tau_k_shock                 0.000043       -4.500477       -4.500477       -0.000708       -4.500434        1.000000

All endogenous are constant or non stationary, not displaying correlations and auto-correlations

Total computing time : 0h00m02s
